<?xml version="1.0" encoding="UTF-8"?>
<testsuite xmlns:xsi="http://www.w3.org/2001/XMLSchema-instance" xsi:noNamespaceSchemaLocation="https://maven.apache.org/surefire/maven-surefire-plugin/xsd/surefire-test-report-3.0.xsd" version="3.0" name="me.yushi.inventorymanagementsystem.model.InventoryTransactionTest" time="0.006" tests="10" errors="0" skipped="0" failures="0">
  <properties>
    <property name="gopherProxySet" value="false"/>
    <property name="awt.toolkit" value="sun.lwawt.macosx.LWCToolkit"/>
    <property name="java.specification.version" value="11"/>
    <property name="sun.cpu.isalist" value=""/>
    <property name="sun.jnu.encoding" value="UTF-8"/>
    <property name="java.class.path" value="/Users/yushi/Dev/inventoryManagementSystem/target/test-classes:/Users/yushi/Dev/inventoryManagementSystem/target/classes:/Users/yushi/.m2/repository/com/googlecode/lanterna/lanterna/3.2.0-alpha1/lanterna-3.2.0-alpha1.jar:/Users/yushi/.m2/repository/org/apache/maven/plugins/maven-shade-plugin/3.6.0/maven-shade-plugin-3.6.0.jar:/Users/yushi/.m2/repository/org/codehaus/plexus/plexus-utils/3.5.1/plexus-utils-3.5.1.jar:/Users/yushi/.m2/repository/org/slf4j/slf4j-api/1.7.36/slf4j-api-1.7.36.jar:/Users/yushi/.m2/repository/org/ow2/asm/asm/9.7/asm-9.7.jar:/Users/yushi/.m2/repository/org/ow2/asm/asm-commons/9.7/asm-commons-9.7.jar:/Users/yushi/.m2/repository/org/ow2/asm/asm-tree/9.7/asm-tree-9.7.jar:/Users/yushi/.m2/repository/org/jdom/jdom2/2.0.6.1/jdom2-2.0.6.1.jar:/Users/yushi/.m2/repository/org/apache/commons/commons-compress/1.26.2/commons-compress-1.26.2.jar:/Users/yushi/.m2/repository/commons-codec/commons-codec/1.17.0/commons-codec-1.17.0.jar:/Users/yushi/.m2/repository/org/apache/commons/commons-lang3/3.14.0/commons-lang3-3.14.0.jar:/Users/yushi/.m2/repository/commons-io/commons-io/2.16.1/commons-io-2.16.1.jar:/Users/yushi/.m2/repository/org/vafer/jdependency/2.10/jdependency-2.10.jar:/Users/yushi/.m2/repository/junit/junit/4.13.2/junit-4.13.2.jar:/Users/yushi/.m2/repository/org/hamcrest/hamcrest-core/1.3/hamcrest-core-1.3.jar:/Users/yushi/.m2/repository/org/mockito/mockito-core/5.12.0/mockito-core-5.12.0.jar:/Users/yushi/.m2/repository/net/bytebuddy/byte-buddy/1.14.15/byte-buddy-1.14.15.jar:/Users/yushi/.m2/repository/net/bytebuddy/byte-buddy-agent/1.14.15/byte-buddy-agent-1.14.15.jar:/Users/yushi/.m2/repository/org/objenesis/objenesis/3.3/objenesis-3.3.jar:/Users/yushi/.m2/repository/org/assertj/assertj-core/3.26.3/assertj-core-3.26.3.jar:/Users/yushi/.m2/repository/com/google/code/gson/gson/2.11.0/gson-2.11.0.jar:/Users/yushi/.m2/repository/com/google/errorprone/error_prone_annotations/2.27.0/error_prone_annotations-2.27.0.jar:"/>
    <property name="java.vm.vendor" value="Eclipse Adoptium"/>
    <property name="sun.arch.data.model" value="64"/>
    <property name="java.vendor.url" value="https://adoptium.net/"/>
    <property name="user.timezone" value="Pacific/Auckland"/>
    <property name="java.vm.specification.version" value="11"/>
    <property name="os.name" value="Mac OS X"/>
    <property name="user.country" value="NZ"/>
    <property name="sun.java.launcher" value="SUN_STANDARD"/>
    <property name="sun.boot.library.path" value="/Library/Java/JavaVirtualMachines/temurin-11.jdk/Contents/Home/lib"/>
    <property name="sun.java.command" value="/Users/yushi/Dev/inventoryManagementSystem/target/surefire/surefirebooter-20240816183357873_3.jar /Users/yushi/Dev/inventoryManagementSystem/target/surefire 2024-08-16T18-33-57_826-jvmRun1 surefire-20240816183357873_1tmp surefire_0-20240816183357873_2tmp"/>
    <property name="http.nonProxyHosts" value="local|*.local|169.254/16|*.169.254/16"/>
    <property name="jdk.debug" value="release"/>
    <property name="surefire.test.class.path" value="/Users/yushi/Dev/inventoryManagementSystem/target/test-classes:/Users/yushi/Dev/inventoryManagementSystem/target/classes:/Users/yushi/.m2/repository/com/googlecode/lanterna/lanterna/3.2.0-alpha1/lanterna-3.2.0-alpha1.jar:/Users/yushi/.m2/repository/org/apache/maven/plugins/maven-shade-plugin/3.6.0/maven-shade-plugin-3.6.0.jar:/Users/yushi/.m2/repository/org/codehaus/plexus/plexus-utils/3.5.1/plexus-utils-3.5.1.jar:/Users/yushi/.m2/repository/org/slf4j/slf4j-api/1.7.36/slf4j-api-1.7.36.jar:/Users/yushi/.m2/repository/org/ow2/asm/asm/9.7/asm-9.7.jar:/Users/yushi/.m2/repository/org/ow2/asm/asm-commons/9.7/asm-commons-9.7.jar:/Users/yushi/.m2/repository/org/ow2/asm/asm-tree/9.7/asm-tree-9.7.jar:/Users/yushi/.m2/repository/org/jdom/jdom2/2.0.6.1/jdom2-2.0.6.1.jar:/Users/yushi/.m2/repository/org/apache/commons/commons-compress/1.26.2/commons-compress-1.26.2.jar:/Users/yushi/.m2/repository/commons-codec/commons-codec/1.17.0/commons-codec-1.17.0.jar:/Users/yushi/.m2/repository/org/apache/commons/commons-lang3/3.14.0/commons-lang3-3.14.0.jar:/Users/yushi/.m2/repository/commons-io/commons-io/2.16.1/commons-io-2.16.1.jar:/Users/yushi/.m2/repository/org/vafer/jdependency/2.10/jdependency-2.10.jar:/Users/yushi/.m2/repository/junit/junit/4.13.2/junit-4.13.2.jar:/Users/yushi/.m2/repository/org/hamcrest/hamcrest-core/1.3/hamcrest-core-1.3.jar:/Users/yushi/.m2/repository/org/mockito/mockito-core/5.12.0/mockito-core-5.12.0.jar:/Users/yushi/.m2/repository/net/bytebuddy/byte-buddy/1.14.15/byte-buddy-1.14.15.jar:/Users/yushi/.m2/repository/net/bytebuddy/byte-buddy-agent/1.14.15/byte-buddy-agent-1.14.15.jar:/Users/yushi/.m2/repository/org/objenesis/objenesis/3.3/objenesis-3.3.jar:/Users/yushi/.m2/repository/org/assertj/assertj-core/3.26.3/assertj-core-3.26.3.jar:/Users/yushi/.m2/repository/com/google/code/gson/gson/2.11.0/gson-2.11.0.jar:/Users/yushi/.m2/repository/com/google/errorprone/error_prone_annotations/2.27.0/error_prone_annotations-2.27.0.jar:"/>
    <property name="sun.cpu.endian" value="little"/>
    <property name="user.home" value="/Users/yushi"/>
    <property name="user.language" value="en"/>
    <property name="java.specification.vendor" value="Oracle Corporation"/>
    <property name="java.version.date" value="2024-07-16"/>
    <property name="java.home" value="/Library/Java/JavaVirtualMachines/temurin-11.jdk/Contents/Home"/>
    <property name="file.separator" value="/"/>
    <property name="basedir" value="/Users/yushi/Dev/inventoryManagementSystem"/>
    <property name="java.vm.compressedOopsMode" value="Zero based"/>
    <property name="line.separator" value="&#10;"/>
    <property name="java.specification.name" value="Java Platform API Specification"/>
    <property name="java.vm.specification.vendor" value="Oracle Corporation"/>
    <property name="java.awt.graphicsenv" value="sun.awt.CGraphicsEnvironment"/>
    <property name="surefire.real.class.path" value="/Users/yushi/Dev/inventoryManagementSystem/target/surefire/surefirebooter-20240816183357873_3.jar"/>
    <property name="sun.management.compiler" value="HotSpot 64-Bit Tiered Compilers"/>
    <property name="ftp.nonProxyHosts" value="local|*.local|169.254/16|*.169.254/16"/>
    <property name="java.runtime.version" value="11.0.24+8"/>
    <property name="user.name" value="yushi"/>
    <property name="path.separator" value=":"/>
    <property name="os.version" value="14.6.1"/>
    <property name="java.runtime.name" value="OpenJDK Runtime Environment"/>
    <property name="file.encoding" value="UTF-8"/>
    <property name="java.vm.name" value="OpenJDK 64-Bit Server VM"/>
    <property name="java.vendor.version" value="Temurin-11.0.24+8"/>
    <property name="maven.ext.class.path" value="/Applications/Apache NetBeans.app/Contents/Resources/netbeans/java/maven-nblib/netbeans-eventspy.jar"/>
    <property name="localRepository" value="/Users/yushi/.m2/repository"/>
    <property name="java.vendor.url.bug" value="https://github.com/adoptium/adoptium-support/issues"/>
    <property name="java.io.tmpdir" value="/var/folders/5r/p_zrfqcs283gt3ln831c3l040000gn/T/"/>
    <property name="java.version" value="11.0.24"/>
    <property name="user.dir" value="/Users/yushi/Dev/inventoryManagementSystem"/>
    <property name="os.arch" value="aarch64"/>
    <property name="java.vm.specification.name" value="Java Virtual Machine Specification"/>
    <property name="java.awt.printerjob" value="sun.lwawt.macosx.CPrinterJob"/>
    <property name="sun.os.patch.level" value="unknown"/>
    <property name="java.library.path" value="/Users/yushi/Library/Java/Extensions:/Library/Java/Extensions:/Network/Library/Java/Extensions:/System/Library/Java/Extensions:/usr/lib/java:."/>
    <property name="java.vm.info" value="mixed mode"/>
    <property name="java.vendor" value="Eclipse Adoptium"/>
    <property name="java.vm.version" value="11.0.24+8"/>
    <property name="java.specification.maintenance.version" value="2"/>
    <property name="sun.io.unicode.encoding" value="UnicodeBig"/>
    <property name="java.class.version" value="55.0"/>
    <property name="socksNonProxyHosts" value="local|*.local|169.254/16|*.169.254/16"/>
  </properties>
  <testcase name="testGetTransactionID" classname="me.yushi.inventorymanagementsystem.model.InventoryTransactionTest" time="0.0"/>
  <testcase name="testGetTransactionType" classname="me.yushi.inventorymanagementsystem.model.InventoryTransactionTest" time="0.0"/>
  <testcase name="testGetDate" classname="me.yushi.inventorymanagementsystem.model.InventoryTransactionTest" time="0.003"/>
  <testcase name="testGetProductID" classname="me.yushi.inventorymanagementsystem.model.InventoryTransactionTest" time="0.0"/>
  <testcase name="testSetTransactionType" classname="me.yushi.inventorymanagementsystem.model.InventoryTransactionTest" time="0.0"/>
  <testcase name="testSetQuantity" classname="me.yushi.inventorymanagementsystem.model.InventoryTransactionTest" time="0.0"/>
  <testcase name="testGetQuantity" classname="me.yushi.inventorymanagementsystem.model.InventoryTransactionTest" time="0.0"/>
  <testcase name="testSetTransactionID" classname="me.yushi.inventorymanagementsystem.model.InventoryTransactionTest" time="0.0"/>
  <testcase name="testSetProductID" classname="me.yushi.inventorymanagementsystem.model.InventoryTransactionTest" time="0.0"/>
  <testcase name="testSetDate" classname="me.yushi.inventorymanagementsystem.model.InventoryTransactionTest" time="0.0"/>
</testsuite>